2019-05-09 18:47:54,379 DEBUG    root            Loaded Command Group: [u'gcloud', u'init']
2019-05-09 18:47:54,382 DEBUG    root            Running [gcloud.init] with arguments: []
2019-05-09 18:47:54,382 INFO     ___FILE_ONLY___ Welcome! This command will take you through the configuration of gcloud.


2019-05-09 18:47:54,384 INFO     ___FILE_ONLY___ Settings from your current configuration [default] are:

2019-05-09 18:47:54,395 INFO     ___FILE_ONLY___ core:
  account: 428097808271-compute@developer.gserviceaccount.com
  disable_usage_reporting: 'True'
  project: air-quality-detection-234816

2019-05-09 18:47:54,395 INFO     ___FILE_ONLY___ 

2019-05-09 18:47:56,316 INFO     ___FILE_ONLY___ Your current configuration has been set to: [default]


2019-05-09 18:47:56,319 INFO     ___FILE_ONLY___ You can skip diagnostics next time by using the following flag:

2019-05-09 18:47:56,319 INFO     ___FILE_ONLY___   gcloud init --skip-diagnostics


2019-05-09 18:47:56,319 INFO     ___FILE_ONLY___ Network diagnostic detects and fixes local network connection issues.

2019-05-09 18:47:56,323 INFO     ___FILE_ONLY___ Checking network connection...
2019-05-09 18:47:57,326 INFO     ___FILE_ONLY___ Reachability Check passed.

2019-05-09 18:47:57,328 INFO     ___FILE_ONLY___ Network diagnostic (1/1 checks) passed.


2019-05-09 18:47:59,858 DEBUG    root            Loaded Command Group: [u'gcloud', u'auth']
2019-05-09 18:47:59,867 DEBUG    root            Loaded Command Group: [u'gcloud', u'auth', u'login']
2019-05-09 18:47:59,868 INFO     root            Executing: [gcloud auth login --force --brief]
2019-05-09 18:47:59,870 DEBUG    root            Running [gcloud.auth.login] with arguments: [--brief: "True", --force: "True"]
2019-05-09 18:48:01,850 INFO     ___FILE_ONLY___ Go to the following link in your browser:

    https://accounts.google.com/o/oauth2/auth?redirect_uri=urn%3Aietf%3Awg%3Aoauth%3A2.0%3Aoob&prompt=select_account&response_type=code&client_id=32555940559.apps.googleusercontent.com&scope=https%3A%2F%2Fwww.googleapis.com%2Fauth%2Fuserinfo.email+https%3A%2F%2Fwww.googleapis.com%2Fauth%2Fcloud-platform+https%3A%2F%2Fwww.googleapis.com%2Fauth%2Fappengine.admin+https%3A%2F%2Fwww.googleapis.com%2Fauth%2Fcompute+https%3A%2F%2Fwww.googleapis.com%2Fauth%2Faccounts.reauth&access_type=offline



2019-05-09 18:48:17,244 INFO     oauth2client.client Successfully retrieved access token
2019-05-09 18:48:17,335 INFO     root            Display format: "none"
2019-05-09 18:48:17,338 DEBUG    root            SDK update checks are disabled.
2019-05-09 18:48:17,340 INFO     ___FILE_ONLY___ You are logged in as: [fern.vnat14@gmail.com].


2019-05-09 18:48:24,761 INFO     ___FILE_ONLY___ Your current project has been set to: [air-quality-detection-234816].


2019-05-09 18:48:24,763 DEBUG    root            Loaded Command Group: [u'gcloud', u'compute', u'project_info']
2019-05-09 18:48:24,782 DEBUG    root            Loaded Command Group: [u'gcloud', u'compute', u'project-info', u'describe']
2019-05-09 18:48:24,783 INFO     root            Executing: [gcloud compute project-info describe --quiet]
2019-05-09 18:48:24,856 DEBUG    root            Running [gcloud.compute.project-info.describe] with arguments: [--no-user-output-enabled: "false", --quiet: "True", --verbosity: "none"]
2019-05-09 18:48:25,157 INFO     root            Display disabled.
2019-05-09 18:48:25,158 DEBUG    root            SDK update checks are disabled.
2019-05-09 18:48:27,377 DEBUG    root            Loaded Command Group: [u'gcloud', u'compute', u'zones']
2019-05-09 18:48:27,380 DEBUG    root            Loaded Command Group: [u'gcloud', u'compute', u'zones', u'list']
2019-05-09 18:48:27,381 INFO     root            Executing: [gcloud compute zones list]
2019-05-09 18:48:27,383 DEBUG    root            Running [gcloud.compute.zones.list] with arguments: [--no-user-output-enabled: "false", --verbosity: "none"]
2019-05-09 18:48:27,393 INFO     root            Display disabled.
2019-05-09 18:48:27,576 DEBUG    root            SDK update checks are disabled.
2019-05-09 18:48:31,040 INFO     ___FILE_ONLY___ Your project default Compute Engine zone has been set to [us-central1-c].
You can change it by running [gcloud config set compute/zone NAME].


2019-05-09 18:48:31,042 DEBUG    root            Loaded Command Group: [u'gcloud', u'compute', u'regions']
2019-05-09 18:48:31,047 DEBUG    root            Loaded Command Group: [u'gcloud', u'compute', u'regions', u'describe']
2019-05-09 18:48:31,048 INFO     root            Executing: [gcloud compute regions describe https://www.googleapis.com/compute/v1/projects/air-quality-detection-234816/regions/us-central1]
2019-05-09 18:48:31,050 DEBUG    root            Running [gcloud.compute.regions.describe] with arguments: [--no-user-output-enabled: "false", --verbosity: "none", NAME: "https://www.googleapis.com/compute/v1/projects/air-quality-detection-234816/regions/us-central1"]
2019-05-09 18:48:31,203 INFO     root            Display disabled.
2019-05-09 18:48:31,204 DEBUG    root            SDK update checks are disabled.
2019-05-09 18:48:31,209 INFO     ___FILE_ONLY___ Your project default Compute Engine region has been set to [us-central1].
You can change it by running [gcloud config set compute/region NAME].


2019-05-09 18:48:31,209 DEBUG    root            Executing command: [u'/usr/lib/google-cloud-sdk/bin/gsutil', u'config', u'-n', u'-o', u'/home/fern_vnat14/.boto']
2019-05-09 18:48:31,810 DEBUG    ___FILE_ONLY___ 
2019-05-09 18:48:31,811 DEBUG    ___FILE_ONLY___ Traceback (most recent call last):
  File "/usr/lib/google-cloud-sdk/platform/gsutil/gsutil", line 22, in <module>
    gsutil.RunMain()
  File "/usr/lib/google-cloud-sdk/platform/gsutil/gsutil.py", line 116, in RunMain
    import gslib.__main__
  File "/usr/lib/google-cloud-sdk/platform/gsutil/gslib/__main__.py", line 39, in <module>
    import boto
  File "/usr/lib/google-cloud-sdk/platform/gsutil/third_party/boto/boto/__init__.py", line 1216, in <module>
    boto.plugin.load_plugins(config)
  File "/usr/lib/google-cloud-sdk/platform/gsutil/third_party/boto/boto/plugin.py", line 93, in load_plugins
    _import_module(file)
  File "/usr/lib/google-cloud-sdk/platform/gsutil/third_party/boto/boto/plugin.py", line 75, in _import_module
    return imp.load_module(name, file, filename, data)
  File "/usr/lib/python3/dist-packages/google_compute_engine/boto/compute_auth.py", line 19, in <module>
    from google_compute_engine import logger
ImportError: No module named google_compute_engine

2019-05-09 18:48:31,811 INFO     ___FILE_ONLY___ Error creating a default .boto configuration file. Please run [gsutil config -n] if you would like to create this file.

2019-05-09 18:48:31,811 INFO     ___FILE_ONLY___ Your Google Cloud SDK is configured and ready to use!


2019-05-09 18:48:31,812 INFO     ___FILE_ONLY___ * Commands that require authentication will use fern.vnat14@gmail.com by default

2019-05-09 18:48:31,812 INFO     ___FILE_ONLY___ * Commands will reference project `air-quality-detection-234816` by default

2019-05-09 18:48:31,812 INFO     ___FILE_ONLY___ * Compute Engine commands will use region `us-central1` by default

2019-05-09 18:48:31,812 INFO     ___FILE_ONLY___ * Compute Engine commands will use zone `us-central1-c` by default


2019-05-09 18:48:31,813 INFO     ___FILE_ONLY___ Run `gcloud help config` to learn how to change individual settings


2019-05-09 18:48:31,813 INFO     ___FILE_ONLY___ This gcloud configuration is called [default]. You can create additional configurations if you work with multiple accounts and/or projects.

2019-05-09 18:48:31,813 INFO     ___FILE_ONLY___ Run `gcloud topic configurations` to learn more.


2019-05-09 18:48:31,813 INFO     ___FILE_ONLY___ Some things to try next:


2019-05-09 18:48:31,813 INFO     ___FILE_ONLY___ * Run `gcloud --help` to see the Cloud Platform services you can interact with. And run `gcloud help COMMAND` to get help on any gcloud command.

2019-05-09 18:48:31,813 INFO     ___FILE_ONLY___ * Run `gcloud topic -h` to learn about advanced features of the SDK like arg files and output formatting

2019-05-09 18:48:31,814 INFO     root            Display format: "default"
2019-05-09 18:48:31,815 DEBUG    root            SDK update checks are disabled.
